<?xml version="1.0" encoding="UTF-8"?>
<!-- Generated by org.testng.reporters.JUnitReportReporter -->
<testsuite hostname="DESKTOP-RI4GV21" failures="0" tests="17" name="seleniumTestNG.SeleniumWithTestNGTests" time="21.439" errors="0" timestamp="18 Nov 2021 15:08:35 GMT" skipped="0">
  <testcase classname="seleniumTestNG.SeleniumWithTestNGTests" name="login" time="2.724"/>
  <testcase classname="seleniumTestNG.SeleniumWithTestNGTests" name="pageTitlesText" time="0.717"/>
  <testcase classname="seleniumTestNG.SeleniumWithTestNGTests" name="pageTitlesText" time="0.938"/>
  <testcase classname="seleniumTestNG.SeleniumWithTestNGTests" name="pageTitlesText" time="0.658"/>
  <testcase classname="seleniumTestNG.SeleniumWithTestNGTests" name="pageTitlesText" time="3.411"/>
  <testcase classname="seleniumTestNG.SeleniumWithTestNGTests" name="pageTitlesText" time="0.944"/>
  <testcase classname="seleniumTestNG.SeleniumWithTestNGTests" name="pageTitlesText" time="1.272"/>
  <testcase classname="seleniumTestNG.SeleniumWithTestNGTests" name="pageTitlesText" time="0.535"/>
  <testcase classname="seleniumTestNG.SeleniumWithTestNGTests" name="pageTitlesText" time="0.947"/>
  <testcase classname="seleniumTestNG.SeleniumWithTestNGTests" name="readDashBoardHeader" time="1.021"/>
  <testcase classname="seleniumTestNG.SeleniumWithTestNGTests" name="readDashBoardHeader" time="0.597"/>
  <testcase classname="seleniumTestNG.SeleniumWithTestNGTests" name="readDashBoardHeader" time="0.761"/>
  <testcase classname="seleniumTestNG.SeleniumWithTestNGTests" name="readDashBoardHeader" time="1.123"/>
  <testcase classname="seleniumTestNG.SeleniumWithTestNGTests" name="readDashBoardHeader" time="2.811"/>
  <testcase classname="seleniumTestNG.SeleniumWithTestNGTests" name="readDashBoardHeader" time="0.588"/>
  <testcase classname="seleniumTestNG.SeleniumWithTestNGTests" name="readDashBoardHeader" time="1.262"/>
  <testcase classname="seleniumTestNG.SeleniumWithTestNGTests" name="readDashBoardHeader" time="1.130"/>
</testsuite> <!-- seleniumTestNG.SeleniumWithTestNGTests -->
